<?xml version="1.0" encoding="UTF-8"?>
<!-- Generated by org.testng.reporters.JUnitXMLReporter -->
<testsuite ignored="0" hostname="Onkar" failures="0" tests="12" name="Default test" time="4.897" errors="0" timestamp="2025-06-24T18:29:28 IST">
  <testcase classname="BookStore.test.EndToEndBookStore" name="userSignUp" time="3.545"/>
  <testcase classname="BookStore.test.EndToEndBookStore" name="userLoginAPI" time="0.397"/>
  <testcase classname="BookStore.test.EndToEndBookStore" name="createBookAPI" time="0.076"/>
  <testcase classname="BookStore.test.EndToEndBookStore" name="getBookAPI" time="0.086"/>
  <testcase classname="BookStore.test.EndToEndBookStore" name="updateBookAPI" time="0.104"/>
  <testcase classname="BookStore.test.EndToEndBookStore" name="getBookByIdAPI" time="0.03"/>
  <testcase classname="BookStore.test.EndToEndBookStore" name="deleteBookAPI" time="0.039"/>
  <testcase classname="BookStore.test.EndToEndBookStore" name="userSignUp_DuplicateEmail" time="0.029"/>
  <testcase classname="BookStore.test.EndToEndBookStore" name="userLogin_WrongPassword" time="0.344"/>
  <testcase classname="BookStore.test.EndToEndBookStore" name="createBook_MissingName" time="0.051"/>
  <testcase classname="BookStore.test.EndToEndBookStore" name="getBookByInvalidId" time="0.029"/>
  <testcase classname="BookStore.test.EndToEndBookStore" name="updateBookWithInvalidToken" time="0.034"/>
</testsuite> <!-- Default test -->
